<?xml version="1.0" encoding="UTF-8"?>
<testsuite xmlns:xsi="http://www.w3.org/2001/XMLSchema-instance" xsi:noNamespaceSchemaLocation="https://maven.apache.org/surefire/maven-surefire-plugin/xsd/surefire-test-report.xsd" name="gameTest.GSignInTest" time="28.187" tests="7" errors="7" skipped="0" failures="0">
  <properties>
[...]
</properties>
  <testcase name="testUnableToRegistringByWrongEmail" classname="gameTest.GSignInTest" time="9.595">
    <error message="Cannot invoke &quot;String.toLowerCase()&quot; because &quot;selection&quot; is null" type="java.lang.NullPointerException">java.lang.NullPointerException: Cannot invoke "String.toLowerCase()" because "selection" is null
	at gameTest.GSignInTest.testUnableToRegistringByWrongEmail(GSignInTest.java:106)
</error>
    <system-out><![CDATA[
 +-------------------------------------------------------------------------------+
 | WARNING:                                                                      |
 | The junit-platform-surefire-provider has been deprecated and is scheduled to  |
 | be removed in JUnit Platform 1.4. Please use the built-in support in Maven    |
 | Surefire >= 2.22.0 instead.                                                   |
 | » https://junit.org/junit5/docs/current/user-guide/#running-tests-build-maven |
 +-------------------------------------------------------------------------------+

]]></system-out>
    <system-err><![CDATA[[ForkJoinPool-1-worker-3] INFO io.github.bonigarcia.wdm.WebDriverManager - Using chromedriver 92.0.4515.107 (resolved driver for Chrome 92)
[ForkJoinPool-1-worker-3] INFO io.github.bonigarcia.wdm.WebDriverManager - Exporting webdriver.chrome.driver as C:\Users\szolar.peter\.cache\selenium\chromedriver\win32\92.0.4515.107\chromedriver.exe
Starting ChromeDriver 92.0.4515.107 (87a818b10553a07434ea9e2b6dccf3cbe7895134-refs/branch-heads/4515@{#1634}) on port 1088
Only local connections are allowed.
Please see https://chromedriver.chromium.org/security-considerations for suggestions on keeping ChromeDriver safe.
ChromeDriver was started successfully.
aug. 19, 2021 11:02:08 DE. org.openqa.selenium.remote.ProtocolHandshake createSession
INFO: Detected dialect: W3C
]]></system-err>
  </testcase>
  <testcase name="testRegisterPassiveEmployee" classname="gameTest.GSignInTest" time="2.962">
    <error message="Cannot invoke &quot;String.split(String)&quot; because &quot;originalEmail&quot; is null" type="java.lang.NullPointerException">java.lang.NullPointerException: Cannot invoke "String.split(String)" because "originalEmail" is null
	at gameTest.GSignInTest.testRegisterPassiveEmployee(GSignInTest.java:195)
</error>
    <system-err><![CDATA[[ForkJoinPool-1-worker-3] INFO io.github.bonigarcia.wdm.WebDriverManager - Using chromedriver 92.0.4515.107 (resolved driver for Chrome 92)
[ForkJoinPool-1-worker-3] INFO io.github.bonigarcia.wdm.WebDriverManager - Exporting webdriver.chrome.driver as C:\Users\szolar.peter\.cache\selenium\chromedriver\win32\92.0.4515.107\chromedriver.exe
Starting ChromeDriver 92.0.4515.107 (87a818b10553a07434ea9e2b6dccf3cbe7895134-refs/branch-heads/4515@{#1634}) on port 20202
Only local connections are allowed.
Please see https://chromedriver.chromium.org/security-considerations for suggestions on keeping ChromeDriver safe.
ChromeDriver was started successfully.
aug. 19, 2021 11:02:13 DE. org.openqa.selenium.remote.ProtocolHandshake createSession
INFO: Detected dialect: W3C
]]></system-err>
  </testcase>
  <testcase name="testEnsureToPrivacyPolicyIsEnable" classname="gameTest.GSignInTest" time="3.246">
    <error message="Cannot invoke &quot;String.toLowerCase()&quot; because &quot;selection&quot; is null" type="java.lang.NullPointerException">java.lang.NullPointerException: Cannot invoke "String.toLowerCase()" because "selection" is null
	at gameTest.GSignInTest.testEnsureToPrivacyPolicyIsEnable(GSignInTest.java:35)
</error>
    <system-err><![CDATA[[ForkJoinPool-1-worker-3] INFO io.github.bonigarcia.wdm.WebDriverManager - Using chromedriver 92.0.4515.107 (resolved driver for Chrome 92)
[ForkJoinPool-1-worker-3] INFO io.github.bonigarcia.wdm.WebDriverManager - Exporting webdriver.chrome.driver as C:\Users\szolar.peter\.cache\selenium\chromedriver\win32\92.0.4515.107\chromedriver.exe
Starting ChromeDriver 92.0.4515.107 (87a818b10553a07434ea9e2b6dccf3cbe7895134-refs/branch-heads/4515@{#1634}) on port 43244
Only local connections are allowed.
Please see https://chromedriver.chromium.org/security-considerations for suggestions on keeping ChromeDriver safe.
ChromeDriver was started successfully.
aug. 19, 2021 11:02:16 DE. org.openqa.selenium.remote.ProtocolHandshake createSession
INFO: Detected dialect: W3C
]]></system-err>
  </testcase>
  <testcase name="testRegisterActiveEmployee" classname="gameTest.GSignInTest" time="2.974">
    <error message="Cannot invoke &quot;String.split(String)&quot; because &quot;originalEmail&quot; is null" type="java.lang.NullPointerException">java.lang.NullPointerException: Cannot invoke "String.split(String)" because "originalEmail" is null
	at gameTest.GSignInTest.testRegisterActiveEmployee(GSignInTest.java:162)
</error>
    <system-err><![CDATA[[ForkJoinPool-1-worker-3] INFO io.github.bonigarcia.wdm.WebDriverManager - Using chromedriver 92.0.4515.107 (resolved driver for Chrome 92)
[ForkJoinPool-1-worker-3] INFO io.github.bonigarcia.wdm.WebDriverManager - Exporting webdriver.chrome.driver as C:\Users\szolar.peter\.cache\selenium\chromedriver\win32\92.0.4515.107\chromedriver.exe
Starting ChromeDriver 92.0.4515.107 (87a818b10553a07434ea9e2b6dccf3cbe7895134-refs/branch-heads/4515@{#1634}) on port 34729
Only local connections are allowed.
Please see https://chromedriver.chromium.org/security-considerations for suggestions on keeping ChromeDriver safe.
ChromeDriver was started successfully.
aug. 19, 2021 11:02:19 DE. org.openqa.selenium.remote.ProtocolHandshake createSession
INFO: Detected dialect: W3C
]]></system-err>
  </testcase>
  <testcase name="testUnableToRegistringByMissingSSxpectation" classname="gameTest.GSignInTest" time="3.519">
    <error message="Cannot invoke &quot;String.toLowerCase()&quot; because &quot;selection&quot; is null" type="java.lang.NullPointerException">java.lang.NullPointerException: Cannot invoke "String.toLowerCase()" because "selection" is null
	at gameTest.GSignInTest.testUnableToRegistringByMissingSSxpectation(GSignInTest.java:81)
</error>
    <system-err><![CDATA[[ForkJoinPool-1-worker-3] INFO io.github.bonigarcia.wdm.WebDriverManager - Using chromedriver 92.0.4515.107 (resolved driver for Chrome 92)
[ForkJoinPool-1-worker-3] INFO io.github.bonigarcia.wdm.WebDriverManager - Exporting webdriver.chrome.driver as C:\Users\szolar.peter\.cache\selenium\chromedriver\win32\92.0.4515.107\chromedriver.exe
Starting ChromeDriver 92.0.4515.107 (87a818b10553a07434ea9e2b6dccf3cbe7895134-refs/branch-heads/4515@{#1634}) on port 33362
Only local connections are allowed.
Please see https://chromedriver.chromium.org/security-considerations for suggestions on keeping ChromeDriver safe.
ChromeDriver was started successfully.
aug. 19, 2021 11:02:22 DE. org.openqa.selenium.remote.ProtocolHandshake createSession
INFO: Detected dialect: W3C
]]></system-err>
  </testcase>
  <testcase name="testUnableToRegistringByMissingRSExpectation" classname="gameTest.GSignInTest" time="2.589">
    <error message="Cannot invoke &quot;String.toLowerCase()&quot; because &quot;selection&quot; is null" type="java.lang.NullPointerException">java.lang.NullPointerException: Cannot invoke "String.toLowerCase()" because "selection" is null
	at gameTest.GSignInTest.testUnableToRegistringByMissingRSExpectation(GSignInTest.java:56)
</error>
    <system-err><![CDATA[[ForkJoinPool-1-worker-3] INFO io.github.bonigarcia.wdm.WebDriverManager - Using chromedriver 92.0.4515.107 (resolved driver for Chrome 92)
[ForkJoinPool-1-worker-3] INFO io.github.bonigarcia.wdm.WebDriverManager - Exporting webdriver.chrome.driver as C:\Users\szolar.peter\.cache\selenium\chromedriver\win32\92.0.4515.107\chromedriver.exe
Starting ChromeDriver 92.0.4515.107 (87a818b10553a07434ea9e2b6dccf3cbe7895134-refs/branch-heads/4515@{#1634}) on port 34567
Only local connections are allowed.
Please see https://chromedriver.chromium.org/security-considerations for suggestions on keeping ChromeDriver safe.
ChromeDriver was started successfully.
aug. 19, 2021 11:02:26 DE. org.openqa.selenium.remote.ProtocolHandshake createSession
INFO: Detected dialect: W3C
]]></system-err>
  </testcase>
  <testcase name="testUnableToRegistringByWrongPassword" classname="gameTest.GSignInTest" time="3.076">
    <error message="Cannot invoke &quot;String.toLowerCase()&quot; because &quot;selection&quot; is null" type="java.lang.NullPointerException">java.lang.NullPointerException: Cannot invoke "String.toLowerCase()" because "selection" is null
	at gameTest.GSignInTest.testUnableToRegistringByWrongPassword(GSignInTest.java:136)
</error>
    <system-err><![CDATA[[ForkJoinPool-1-worker-3] INFO io.github.bonigarcia.wdm.WebDriverManager - Using chromedriver 92.0.4515.107 (resolved driver for Chrome 92)
[ForkJoinPool-1-worker-3] INFO io.github.bonigarcia.wdm.WebDriverManager - Exporting webdriver.chrome.driver as C:\Users\szolar.peter\.cache\selenium\chromedriver\win32\92.0.4515.107\chromedriver.exe
Starting ChromeDriver 92.0.4515.107 (87a818b10553a07434ea9e2b6dccf3cbe7895134-refs/branch-heads/4515@{#1634}) on port 23279
Only local connections are allowed.
Please see https://chromedriver.chromium.org/security-considerations for suggestions on keeping ChromeDriver safe.
ChromeDriver was started successfully.
aug. 19, 2021 11:02:28 DE. org.openqa.selenium.remote.ProtocolHandshake createSession
INFO: Detected dialect: W3C
]]></system-err>
  </testcase>
</testsuite>